{"/home/ROSANA.REZENDE/senai/REACT/SolarEnergy/versao1-com-testes/.jest/mocks/fakeApi.js": {"path":"/home/ROSANA.REZENDE/senai/REACT/SolarEnergy/versao1-com-testes/.jest/mocks/fakeApi.js","statementMap":{"0":{"start":{"line":2,"column":24},"end":{"line":27,"column":1}},"1":{"start":{"line":29,"column":24},"end":{"line":84,"column":1}}},"fnMap":{},"branchMap":{},"s":{"0":1,"1":1},"f":{},"b":{},"_coverageSchema":"1a1c01bbd47fc00a2c39e90264f33305004495a9","hash":"c45c207304ecb001866377ad25cd2bb6a224c28c"}
,"/home/ROSANA.REZENDE/senai/REACT/SolarEnergy/versao1-com-testes/.jest/mocks/fileMock.js": {"path":"/home/ROSANA.REZENDE/senai/REACT/SolarEnergy/versao1-com-testes/.jest/mocks/fileMock.js","statementMap":{"0":{"start":{"line":1,"column":0},"end":{"line":1,"column":34}}},"fnMap":{},"branchMap":{},"s":{"0":1},"f":{},"b":{},"_coverageSchema":"1a1c01bbd47fc00a2c39e90264f33305004495a9","hash":"09daab083005ffe1c4d86c5b56eb806f295f6c86"}
,"/home/ROSANA.REZENDE/senai/REACT/SolarEnergy/versao1-com-testes/src/components/index.js": {"path":"/home/ROSANA.REZENDE/senai/REACT/SolarEnergy/versao1-com-testes/src/components/index.js","statementMap":{},"fnMap":{},"branchMap":{},"s":{},"f":{},"b":{},"_coverageSchema":"1a1c01bbd47fc00a2c39e90264f33305004495a9","hash":"6f21256b826613791a12bab502a0b13191c90893"}
,"/home/ROSANA.REZENDE/senai/REACT/SolarEnergy/versao1-com-testes/src/components/atoms/Button/Button.jsx": {"path":"/home/ROSANA.REZENDE/senai/REACT/SolarEnergy/versao1-com-testes/src/components/atoms/Button/Button.jsx","statementMap":{"0":{"start":{"line":8,"column":2},"end":{"line":15,"column":4}}},"fnMap":{"0":{"name":"Button","decl":{"start":{"line":3,"column":24},"end":{"line":3,"column":30}},"loc":{"start":{"line":7,"column":3},"end":{"line":16,"column":1}},"line":7}},"branchMap":{},"s":{"0":10},"f":{"0":10},"b":{},"_coverageSchema":"1a1c01bbd47fc00a2c39e90264f33305004495a9","hash":"48628fa403a0f4d0951f6eb216367dba6382333d"}
,"/home/ROSANA.REZENDE/senai/REACT/SolarEnergy/versao1-com-testes/src/components/atoms/Input/Input.jsx": {"path":"/home/ROSANA.REZENDE/senai/REACT/SolarEnergy/versao1-com-testes/src/components/atoms/Input/Input.jsx","statementMap":{"0":{"start":{"line":4,"column":2},"end":{"line":9,"column":4}}},"fnMap":{"0":{"name":"Input","decl":{"start":{"line":3,"column":24},"end":{"line":3,"column":29}},"loc":{"start":{"line":3,"column":50},"end":{"line":10,"column":1}},"line":3}},"branchMap":{"0":{"loc":{"start":{"line":6,"column":7},"end":{"line":6,"column":45}},"type":"binary-expr","locations":[{"start":{"line":6,"column":7},"end":{"line":6,"column":11}},{"start":{"line":6,"column":15},"end":{"line":6,"column":45}}],"line":6},"1":{"loc":{"start":{"line":7,"column":33},"end":{"line":7,"column":62}},"type":"cond-expr","locations":[{"start":{"line":7,"column":40},"end":{"line":7,"column":57}},{"start":{"line":7,"column":60},"end":{"line":7,"column":62}}],"line":7}},"s":{"0":5},"f":{"0":5},"b":{"0":[5,0],"1":[0,5]},"_coverageSchema":"1a1c01bbd47fc00a2c39e90264f33305004495a9","hash":"56eee6cae84532f96f0610a68b0ead611838180a"}
,"/home/ROSANA.REZENDE/senai/REACT/SolarEnergy/versao1-com-testes/src/components/molecules/Card/Card.jsx": {"path":"/home/ROSANA.REZENDE/senai/REACT/SolarEnergy/versao1-com-testes/src/components/molecules/Card/Card.jsx","statementMap":{"0":{"start":{"line":5,"column":2},"end":{"line":10,"column":4}}},"fnMap":{"0":{"name":"Card","decl":{"start":{"line":3,"column":24},"end":{"line":3,"column":28}},"loc":{"start":{"line":3,"column":68},"end":{"line":11,"column":1}},"line":3}},"branchMap":{"0":{"loc":{"start":{"line":6,"column":28},"end":{"line":6,"column":52}},"type":"binary-expr","locations":[{"start":{"line":6,"column":28},"end":{"line":6,"column":37}},{"start":{"line":6,"column":41},"end":{"line":6,"column":52}}],"line":6},"1":{"loc":{"start":{"line":8,"column":7},"end":{"line":8,"column":30}},"type":"binary-expr","locations":[{"start":{"line":8,"column":7},"end":{"line":8,"column":12}},{"start":{"line":8,"column":16},"end":{"line":8,"column":30}}],"line":8}},"s":{"0":0},"f":{"0":0},"b":{"0":[0,0],"1":[0,0]},"_coverageSchema":"1a1c01bbd47fc00a2c39e90264f33305004495a9","hash":"da1030fc02ceb890a8e5a40d836902f14ce7370e"}
,"/home/ROSANA.REZENDE/senai/REACT/SolarEnergy/versao1-com-testes/src/components/molecules/Navbar/Navbar.jsx": {"path":"/home/ROSANA.REZENDE/senai/REACT/SolarEnergy/versao1-com-testes/src/components/molecules/Navbar/Navbar.jsx","statementMap":{"0":{"start":{"line":9,"column":19},"end":{"line":9,"column":32}},"1":{"start":{"line":10,"column":19},"end":{"line":10,"column":32}},"2":{"start":{"line":12,"column":21},"end":{"line":14,"column":3}},"3":{"start":{"line":13,"column":4},"end":{"line":13,"column":60}},"4":{"start":{"line":16,"column":22},"end":{"line":18,"column":3}},"5":{"start":{"line":17,"column":4},"end":{"line":17,"column":23}},"6":{"start":{"line":20,"column":2},"end":{"line":43,"column":4}},"7":{"start":{"line":22,"column":61},"end":{"line":22,"column":74}},"8":{"start":{"line":24,"column":57},"end":{"line":24,"column":73}},"9":{"start":{"line":30,"column":23},"end":{"line":30,"column":47}},"10":{"start":{"line":37,"column":23},"end":{"line":37,"column":47}}},"fnMap":{"0":{"name":"Navbar","decl":{"start":{"line":8,"column":24},"end":{"line":8,"column":30}},"loc":{"start":{"line":8,"column":33},"end":{"line":44,"column":1}},"line":8},"1":{"name":"(anonymous_1)","decl":{"start":{"line":12,"column":21},"end":{"line":12,"column":22}},"loc":{"start":{"line":12,"column":35},"end":{"line":14,"column":3}},"line":12},"2":{"name":"(anonymous_2)","decl":{"start":{"line":16,"column":22},"end":{"line":16,"column":23}},"loc":{"start":{"line":16,"column":36},"end":{"line":18,"column":3}},"line":16},"3":{"name":"(anonymous_3)","decl":{"start":{"line":22,"column":55},"end":{"line":22,"column":56}},"loc":{"start":{"line":22,"column":61},"end":{"line":22,"column":74}},"line":22},"4":{"name":"(anonymous_4)","decl":{"start":{"line":24,"column":51},"end":{"line":24,"column":52}},"loc":{"start":{"line":24,"column":57},"end":{"line":24,"column":73}},"line":24},"5":{"name":"(anonymous_5)","decl":{"start":{"line":30,"column":17},"end":{"line":30,"column":18}},"loc":{"start":{"line":30,"column":23},"end":{"line":30,"column":47}},"line":30},"6":{"name":"(anonymous_6)","decl":{"start":{"line":37,"column":17},"end":{"line":37,"column":18}},"loc":{"start":{"line":37,"column":23},"end":{"line":37,"column":47}},"line":37}},"branchMap":{"0":{"loc":{"start":{"line":13,"column":11},"end":{"line":13,"column":59}},"type":"cond-expr","locations":[{"start":{"line":13,"column":44},"end":{"line":13,"column":54}},{"start":{"line":13,"column":57},"end":{"line":13,"column":59}}],"line":13}},"s":{"0":3,"1":3,"2":3,"3":9,"4":3,"5":0,"6":3,"7":0,"8":0,"9":0,"10":0},"f":{"0":3,"1":9,"2":0,"3":0,"4":0,"5":0,"6":0},"b":{"0":[3,6]},"_coverageSchema":"1a1c01bbd47fc00a2c39e90264f33305004495a9","hash":"e57af6de6bb9f6f3d39d963e2ba52d85617f37cd"}
,"/home/ROSANA.REZENDE/senai/REACT/SolarEnergy/versao1-com-testes/src/components/organisms/Cards/Cards.jsx": {"path":"/home/ROSANA.REZENDE/senai/REACT/SolarEnergy/versao1-com-testes/src/components/organisms/Cards/Cards.jsx","statementMap":{"0":{"start":{"line":7,"column":28},"end":{"line":7,"column":40}},"1":{"start":{"line":8,"column":38},"end":{"line":8,"column":50}},"2":{"start":{"line":10,"column":2},"end":{"line":13,"column":9}},"3":{"start":{"line":11,"column":4},"end":{"line":11,"column":34}},"4":{"start":{"line":12,"column":4},"end":{"line":12,"column":39}},"5":{"start":{"line":15,"column":21},"end":{"line":15,"column":34}},"6":{"start":{"line":16,"column":22},"end":{"line":16,"column":64}},"7":{"start":{"line":16,"column":46},"end":{"line":16,"column":56}},"8":{"start":{"line":17,"column":24},"end":{"line":17,"column":48}},"9":{"start":{"line":20,"column":4},"end":{"line":20,"column":72}},"10":{"start":{"line":20,"column":37},"end":{"line":20,"column":52}},"11":{"start":{"line":22,"column":16},"end":{"line":48,"column":3}},"12":{"start":{"line":50,"column":2},"end":{"line":63,"column":4}},"13":{"start":{"line":53,"column":8},"end":{"line":60,"column":10}},"14":{"start":{"line":56,"column":12},"end":{"line":56,"column":43}},"15":{"start":{"line":56,"column":36},"end":{"line":56,"column":43}},"16":{"start":{"line":57,"column":12},"end":{"line":57,"column":31}}},"fnMap":{"0":{"name":"Cards","decl":{"start":{"line":6,"column":24},"end":{"line":6,"column":29}},"loc":{"start":{"line":6,"column":45},"end":{"line":64,"column":1}},"line":6},"1":{"name":"(anonymous_1)","decl":{"start":{"line":10,"column":12},"end":{"line":10,"column":13}},"loc":{"start":{"line":10,"column":18},"end":{"line":13,"column":3}},"line":10},"2":{"name":"(anonymous_2)","decl":{"start":{"line":16,"column":36},"end":{"line":16,"column":37}},"loc":{"start":{"line":16,"column":46},"end":{"line":16,"column":56}},"line":16},"3":{"name":"(anonymous_3)","decl":{"start":{"line":20,"column":23},"end":{"line":20,"column":24}},"loc":{"start":{"line":20,"column":37},"end":{"line":20,"column":52}},"line":20},"4":{"name":"(anonymous_4)","decl":{"start":{"line":52,"column":17},"end":{"line":52,"column":18}},"loc":{"start":{"line":53,"column":8},"end":{"line":60,"column":10}},"line":53},"5":{"name":"(anonymous_5)","decl":{"start":{"line":55,"column":19},"end":{"line":55,"column":20}},"loc":{"start":{"line":55,"column":25},"end":{"line":58,"column":11}},"line":55}},"branchMap":{"0":{"loc":{"start":{"line":56,"column":12},"end":{"line":56,"column":43}},"type":"if","locations":[{"start":{"line":56,"column":12},"end":{"line":56,"column":43}},{"start":{},"end":{}}],"line":56}},"s":{"0":0,"1":0,"2":0,"3":0,"4":0,"5":0,"6":0,"7":0,"8":0,"9":0,"10":0,"11":0,"12":0,"13":0,"14":0,"15":0,"16":0},"f":{"0":0,"1":0,"2":0,"3":0,"4":0,"5":0},"b":{"0":[0,0]},"_coverageSchema":"1a1c01bbd47fc00a2c39e90264f33305004495a9","hash":"0fdf0c4b8e3702382811198d1c92625f9cdf75a1"}
,"/home/ROSANA.REZENDE/senai/REACT/SolarEnergy/versao1-com-testes/src/components/organisms/Chart/Chart.jsx": {"path":"/home/ROSANA.REZENDE/senai/REACT/SolarEnergy/versao1-com-testes/src/components/organisms/Chart/Chart.jsx","statementMap":{"0":{"start":{"line":11,"column":0},"end":{"line":11,"column":72}},"1":{"start":{"line":16,"column":28},"end":{"line":16,"column":40}},"2":{"start":{"line":17,"column":38},"end":{"line":17,"column":50}},"3":{"start":{"line":19,"column":2},"end":{"line":22,"column":9}},"4":{"start":{"line":20,"column":4},"end":{"line":20,"column":34}},"5":{"start":{"line":21,"column":4},"end":{"line":21,"column":39}},"6":{"start":{"line":24,"column":25},"end":{"line":29,"column":4}},"7":{"start":{"line":25,"column":17},"end":{"line":25,"column":63}},"8":{"start":{"line":25,"column":39},"end":{"line":25,"column":62}},"9":{"start":{"line":26,"column":4},"end":{"line":26,"column":38}},"10":{"start":{"line":26,"column":26},"end":{"line":26,"column":38}},"11":{"start":{"line":27,"column":4},"end":{"line":27,"column":48}},"12":{"start":{"line":27,"column":29},"end":{"line":27,"column":48}},"13":{"start":{"line":28,"column":4},"end":{"line":28,"column":51}},"14":{"start":{"line":28,"column":31},"end":{"line":28,"column":51}},"15":{"start":{"line":31,"column":22},"end":{"line":31,"column":54}},"16":{"start":{"line":33,"column":20},"end":{"line":45,"column":3}},"17":{"start":{"line":47,"column":2},"end":{"line":71,"column":4}}},"fnMap":{"0":{"name":"Chart","decl":{"start":{"line":15,"column":24},"end":{"line":15,"column":29}},"loc":{"start":{"line":15,"column":42},"end":{"line":72,"column":1}},"line":15},"1":{"name":"(anonymous_1)","decl":{"start":{"line":19,"column":12},"end":{"line":19,"column":13}},"loc":{"start":{"line":19,"column":18},"end":{"line":22,"column":3}},"line":19},"2":{"name":"(anonymous_2)","decl":{"start":{"line":24,"column":44},"end":{"line":24,"column":45}},"loc":{"start":{"line":24,"column":53},"end":{"line":29,"column":3}},"line":24},"3":{"name":"(anonymous_3)","decl":{"start":{"line":25,"column":29},"end":{"line":25,"column":30}},"loc":{"start":{"line":25,"column":39},"end":{"line":25,"column":62}},"line":25}},"branchMap":{"0":{"loc":{"start":{"line":26,"column":4},"end":{"line":26,"column":38}},"type":"if","locations":[{"start":{"line":26,"column":4},"end":{"line":26,"column":38}},{"start":{},"end":{}}],"line":26},"1":{"loc":{"start":{"line":27,"column":4},"end":{"line":27,"column":48}},"type":"if","locations":[{"start":{"line":27,"column":4},"end":{"line":27,"column":48}},{"start":{},"end":{}}],"line":27},"2":{"loc":{"start":{"line":28,"column":4},"end":{"line":28,"column":51}},"type":"if","locations":[{"start":{"line":28,"column":4},"end":{"line":28,"column":51}},{"start":{},"end":{}}],"line":28},"3":{"loc":{"start":{"line":50,"column":7},"end":{"line":69,"column":7}},"type":"binary-expr","locations":[{"start":{"line":50,"column":7},"end":{"line":50,"column":16}},{"start":{"line":51,"column":8},"end":{"line":68,"column":10}}],"line":50}},"s":{"0":1,"1":0,"2":0,"3":0,"4":0,"5":0,"6":0,"7":0,"8":0,"9":0,"10":0,"11":0,"12":0,"13":0,"14":0,"15":0,"16":0,"17":0},"f":{"0":0,"1":0,"2":0,"3":0},"b":{"0":[0,0],"1":[0,0],"2":[0,0],"3":[0,0]},"_coverageSchema":"1a1c01bbd47fc00a2c39e90264f33305004495a9","hash":"bfc4eed9bed2ed5ffd47d360a20c8dbe43c77479"}
,"/home/ROSANA.REZENDE/senai/REACT/SolarEnergy/versao1-com-testes/src/components/organisms/UnitList/UnitList.jsx": {"path":"/home/ROSANA.REZENDE/senai/REACT/SolarEnergy/versao1-com-testes/src/components/organisms/UnitList/UnitList.jsx","statementMap":{"0":{"start":{"line":8,"column":28},"end":{"line":8,"column":40}},"1":{"start":{"line":10,"column":2},"end":{"line":12,"column":9}},"2":{"start":{"line":11,"column":4},"end":{"line":11,"column":34}},"3":{"start":{"line":14,"column":23},"end":{"line":19,"column":3}},"4":{"start":{"line":15,"column":4},"end":{"line":17,"column":7}},"5":{"start":{"line":18,"column":4},"end":{"line":18,"column":34}},"6":{"start":{"line":21,"column":21},"end":{"line":24,"column":3}},"7":{"start":{"line":22,"column":4},"end":{"line":22,"column":29}},"8":{"start":{"line":23,"column":4},"end":{"line":23,"column":22}},"9":{"start":{"line":26,"column":2},"end":{"line":80,"column":4}},"10":{"start":{"line":46,"column":12},"end":{"line":65,"column":17}},"11":{"start":{"line":53,"column":39},"end":{"line":53,"column":58}},"12":{"start":{"line":59,"column":33},"end":{"line":59,"column":57}},"13":{"start":{"line":75,"column":23},"end":{"line":75,"column":40}}},"fnMap":{"0":{"name":"UnitList","decl":{"start":{"line":7,"column":24},"end":{"line":7,"column":32}},"loc":{"start":{"line":7,"column":67},"end":{"line":81,"column":1}},"line":7},"1":{"name":"(anonymous_1)","decl":{"start":{"line":10,"column":12},"end":{"line":10,"column":13}},"loc":{"start":{"line":10,"column":18},"end":{"line":12,"column":3}},"line":10},"2":{"name":"(anonymous_2)","decl":{"start":{"line":14,"column":23},"end":{"line":14,"column":24}},"loc":{"start":{"line":14,"column":31},"end":{"line":19,"column":3}},"line":14},"3":{"name":"(anonymous_3)","decl":{"start":{"line":21,"column":21},"end":{"line":21,"column":22}},"loc":{"start":{"line":21,"column":34},"end":{"line":24,"column":3}},"line":21},"4":{"name":"(anonymous_4)","decl":{"start":{"line":45,"column":21},"end":{"line":45,"column":22}},"loc":{"start":{"line":46,"column":12},"end":{"line":65,"column":17}},"line":46},"5":{"name":"(anonymous_5)","decl":{"start":{"line":53,"column":33},"end":{"line":53,"column":34}},"loc":{"start":{"line":53,"column":39},"end":{"line":53,"column":58}},"line":53},"6":{"name":"(anonymous_6)","decl":{"start":{"line":59,"column":27},"end":{"line":59,"column":28}},"loc":{"start":{"line":59,"column":33},"end":{"line":59,"column":57}},"line":59},"7":{"name":"(anonymous_7)","decl":{"start":{"line":75,"column":17},"end":{"line":75,"column":18}},"loc":{"start":{"line":75,"column":23},"end":{"line":75,"column":40}},"line":75}},"branchMap":{},"s":{"0":3,"1":3,"2":2,"3":3,"4":0,"5":0,"6":3,"7":0,"8":0,"9":3,"10":3,"11":0,"12":0,"13":1},"f":{"0":3,"1":2,"2":0,"3":0,"4":3,"5":0,"6":0,"7":1},"b":{},"_coverageSchema":"1a1c01bbd47fc00a2c39e90264f33305004495a9","hash":"0d0dff19ef13eb469830213c231d0c7383ce507c"}
,"/home/ROSANA.REZENDE/senai/REACT/SolarEnergy/versao1-com-testes/src/components/organisms/UnitRegister/UnitRegister.jsx": {"path":"/home/ROSANA.REZENDE/senai/REACT/SolarEnergy/versao1-com-testes/src/components/organisms/UnitRegister/UnitRegister.jsx","statementMap":{"0":{"start":{"line":10,"column":21},"end":{"line":16,"column":3}},"1":{"start":{"line":18,"column":26},"end":{"line":18,"column":62}},"2":{"start":{"line":20,"column":21},"end":{"line":28,"column":3}},"3":{"start":{"line":21,"column":4},"end":{"line":27,"column":7}},"4":{"start":{"line":30,"column":19},"end":{"line":38,"column":3}},"5":{"start":{"line":31,"column":4},"end":{"line":37,"column":7}},"6":{"start":{"line":40,"column":21},"end":{"line":46,"column":3}},"7":{"start":{"line":41,"column":4},"end":{"line":41,"column":27}},"8":{"start":{"line":43,"column":4},"end":{"line":43,"column":45}},"9":{"start":{"line":44,"column":4},"end":{"line":44,"column":32}},"10":{"start":{"line":45,"column":4},"end":{"line":45,"column":23}},"11":{"start":{"line":48,"column":2},"end":{"line":95,"column":4}},"12":{"start":{"line":53,"column":10},"end":{"line":71,"column":16}},"13":{"start":{"line":65,"column":16},"end":{"line":68,"column":19}},"14":{"start":{"line":81,"column":14},"end":{"line":84,"column":17}}},"fnMap":{"0":{"name":"UnitRegister","decl":{"start":{"line":5,"column":24},"end":{"line":5,"column":36}},"loc":{"start":{"line":9,"column":3},"end":{"line":96,"column":1}},"line":9},"1":{"name":"(anonymous_1)","decl":{"start":{"line":20,"column":21},"end":{"line":20,"column":22}},"loc":{"start":{"line":20,"column":27},"end":{"line":28,"column":3}},"line":20},"2":{"name":"(anonymous_2)","decl":{"start":{"line":30,"column":19},"end":{"line":30,"column":20}},"loc":{"start":{"line":30,"column":25},"end":{"line":38,"column":3}},"line":30},"3":{"name":"(anonymous_3)","decl":{"start":{"line":40,"column":21},"end":{"line":40,"column":22}},"loc":{"start":{"line":40,"column":32},"end":{"line":46,"column":3}},"line":40},"4":{"name":"(anonymous_4)","decl":{"start":{"line":52,"column":53},"end":{"line":52,"column":54}},"loc":{"start":{"line":53,"column":10},"end":{"line":71,"column":16}},"line":53},"5":{"name":"(anonymous_5)","decl":{"start":{"line":64,"column":24},"end":{"line":64,"column":25}},"loc":{"start":{"line":64,"column":31},"end":{"line":69,"column":15}},"line":64},"6":{"name":"(anonymous_6)","decl":{"start":{"line":80,"column":22},"end":{"line":80,"column":23}},"loc":{"start":{"line":80,"column":29},"end":{"line":85,"column":13}},"line":80}},"branchMap":{"0":{"loc":{"start":{"line":18,"column":35},"end":{"line":18,"column":61}},"type":"binary-expr","locations":[{"start":{"line":18,"column":35},"end":{"line":18,"column":47}},{"start":{"line":18,"column":51},"end":{"line":18,"column":61}}],"line":18},"1":{"loc":{"start":{"line":43,"column":4},"end":{"line":43,"column":44}},"type":"cond-expr","locations":[{"start":{"line":43,"column":19},"end":{"line":43,"column":29}},{"start":{"line":43,"column":32},"end":{"line":43,"column":44}}],"line":43}},"s":{"0":1,"1":1,"2":1,"3":0,"4":1,"5":0,"6":1,"7":0,"8":0,"9":0,"10":0,"11":1,"12":4,"13":0,"14":0},"f":{"0":1,"1":0,"2":0,"3":0,"4":4,"5":0,"6":0},"b":{"0":[1,0],"1":[0,0]},"_coverageSchema":"1a1c01bbd47fc00a2c39e90264f33305004495a9","hash":"f3bb77692fedf13385f81482073bc54fed036d75"}
,"/home/ROSANA.REZENDE/senai/REACT/SolarEnergy/versao1-com-testes/src/components/templates/Container/Container.jsx": {"path":"/home/ROSANA.REZENDE/senai/REACT/SolarEnergy/versao1-com-testes/src/components/templates/Container/Container.jsx","statementMap":{"0":{"start":{"line":5,"column":2},"end":{"line":15,"column":3}}},"fnMap":{"0":{"name":"Container","decl":{"start":{"line":4,"column":24},"end":{"line":4,"column":33}},"loc":{"start":{"line":4,"column":55},"end":{"line":16,"column":1}},"line":4}},"branchMap":{},"s":{"0":3},"f":{"0":3},"b":{},"_coverageSchema":"1a1c01bbd47fc00a2c39e90264f33305004495a9","hash":"1c555f26ede099728d5d75e1b526cd8f1870cb55"}
,"/home/ROSANA.REZENDE/senai/REACT/SolarEnergy/versao1-com-testes/src/pages/Units/Units.jsx": {"path":"/home/ROSANA.REZENDE/senai/REACT/SolarEnergy/versao1-com-testes/src/pages/Units/Units.jsx","statementMap":{"0":{"start":{"line":5,"column":34},"end":{"line":5,"column":49}},"1":{"start":{"line":6,"column":42},"end":{"line":6,"column":54}},"2":{"start":{"line":8,"column":2},"end":{"line":25,"column":4}}},"fnMap":{"0":{"name":"Units","decl":{"start":{"line":4,"column":24},"end":{"line":4,"column":29}},"loc":{"start":{"line":4,"column":32},"end":{"line":26,"column":1}},"line":4}},"branchMap":{"0":{"loc":{"start":{"line":10,"column":7},"end":{"line":15,"column":7}},"type":"binary-expr","locations":[{"start":{"line":10,"column":7},"end":{"line":10,"column":25}},{"start":{"line":11,"column":8},"end":{"line":14,"column":10}}],"line":10},"1":{"loc":{"start":{"line":17,"column":7},"end":{"line":23,"column":7}},"type":"binary-expr","locations":[{"start":{"line":17,"column":7},"end":{"line":17,"column":24}},{"start":{"line":18,"column":8},"end":{"line":22,"column":10}}],"line":17}},"s":{"0":3,"1":3,"2":3},"f":{"0":3},"b":{"0":[3,2],"1":[3,1]},"_coverageSchema":"1a1c01bbd47fc00a2c39e90264f33305004495a9","hash":"489d3d46d86b00fdb1e1c2db632c2fc30fd3c5a6"}
,"/home/ROSANA.REZENDE/senai/REACT/SolarEnergy/versao1-com-testes/src/utils/index.js": {"path":"/home/ROSANA.REZENDE/senai/REACT/SolarEnergy/versao1-com-testes/src/utils/index.js","statementMap":{"0":{"start":{"line":1,"column":23},"end":{"line":5,"column":1}},"1":{"start":{"line":2,"column":2},"end":{"line":4,"column":37}},"2":{"start":{"line":3,"column":19},"end":{"line":3,"column":29}},"3":{"start":{"line":4,"column":21},"end":{"line":4,"column":35}},"4":{"start":{"line":7,"column":33},"end":{"line":36,"column":1}},"5":{"start":{"line":8,"column":2},"end":{"line":35,"column":3}},"6":{"start":{"line":10,"column":6},"end":{"line":10,"column":23}},"7":{"start":{"line":12,"column":6},"end":{"line":12,"column":25}},"8":{"start":{"line":14,"column":6},"end":{"line":14,"column":21}},"9":{"start":{"line":16,"column":6},"end":{"line":16,"column":21}},"10":{"start":{"line":18,"column":6},"end":{"line":18,"column":20}},"11":{"start":{"line":20,"column":6},"end":{"line":20,"column":21}},"12":{"start":{"line":22,"column":6},"end":{"line":22,"column":21}},"13":{"start":{"line":24,"column":6},"end":{"line":24,"column":22}},"14":{"start":{"line":26,"column":6},"end":{"line":26,"column":24}},"15":{"start":{"line":28,"column":6},"end":{"line":28,"column":23}},"16":{"start":{"line":30,"column":6},"end":{"line":30,"column":24}},"17":{"start":{"line":32,"column":6},"end":{"line":32,"column":24}},"18":{"start":{"line":34,"column":6},"end":{"line":34,"column":16}},"19":{"start":{"line":38,"column":32},"end":{"line":49,"column":1}},"20":{"start":{"line":39,"column":22},"end":{"line":39,"column":24}},"21":{"start":{"line":40,"column":2},"end":{"line":47,"column":5}},"22":{"start":{"line":41,"column":18},"end":{"line":41,"column":41}},"23":{"start":{"line":42,"column":22},"end":{"line":42,"column":53}},"24":{"start":{"line":43,"column":4},"end":{"line":45,"column":5}},"25":{"start":{"line":44,"column":6},"end":{"line":44,"column":33}},"26":{"start":{"line":46,"column":4},"end":{"line":46,"column":41}},"27":{"start":{"line":48,"column":2},"end":{"line":48,"column":21}}},"fnMap":{"0":{"name":"(anonymous_0)","decl":{"start":{"line":1,"column":23},"end":{"line":1,"column":24}},"loc":{"start":{"line":1,"column":42},"end":{"line":5,"column":1}},"line":1},"1":{"name":"(anonymous_1)","decl":{"start":{"line":3,"column":10},"end":{"line":3,"column":11}},"loc":{"start":{"line":3,"column":19},"end":{"line":3,"column":29}},"line":3},"2":{"name":"(anonymous_2)","decl":{"start":{"line":4,"column":10},"end":{"line":4,"column":11}},"loc":{"start":{"line":4,"column":21},"end":{"line":4,"column":35}},"line":4},"3":{"name":"(anonymous_3)","decl":{"start":{"line":7,"column":33},"end":{"line":7,"column":34}},"loc":{"start":{"line":7,"column":50},"end":{"line":36,"column":1}},"line":7},"4":{"name":"(anonymous_4)","decl":{"start":{"line":38,"column":32},"end":{"line":38,"column":33}},"loc":{"start":{"line":38,"column":42},"end":{"line":49,"column":1}},"line":38},"5":{"name":"(anonymous_5)","decl":{"start":{"line":40,"column":16},"end":{"line":40,"column":17}},"loc":{"start":{"line":40,"column":26},"end":{"line":47,"column":3}},"line":40}},"branchMap":{"0":{"loc":{"start":{"line":8,"column":2},"end":{"line":35,"column":3}},"type":"switch","locations":[{"start":{"line":9,"column":4},"end":{"line":10,"column":23}},{"start":{"line":11,"column":4},"end":{"line":12,"column":25}},{"start":{"line":13,"column":4},"end":{"line":14,"column":21}},{"start":{"line":15,"column":4},"end":{"line":16,"column":21}},{"start":{"line":17,"column":4},"end":{"line":18,"column":20}},{"start":{"line":19,"column":4},"end":{"line":20,"column":21}},{"start":{"line":21,"column":4},"end":{"line":22,"column":21}},{"start":{"line":23,"column":4},"end":{"line":24,"column":22}},{"start":{"line":25,"column":4},"end":{"line":26,"column":24}},{"start":{"line":27,"column":4},"end":{"line":28,"column":23}},{"start":{"line":29,"column":4},"end":{"line":30,"column":24}},{"start":{"line":31,"column":4},"end":{"line":32,"column":24}},{"start":{"line":33,"column":4},"end":{"line":34,"column":16}}],"line":8},"1":{"loc":{"start":{"line":43,"column":4},"end":{"line":45,"column":5}},"type":"if","locations":[{"start":{"line":43,"column":4},"end":{"line":45,"column":5}},{"start":{},"end":{}}],"line":43}},"s":{"0":1,"1":2,"2":2,"3":2,"4":1,"5":0,"6":0,"7":0,"8":0,"9":0,"10":0,"11":0,"12":0,"13":0,"14":0,"15":0,"16":0,"17":0,"18":0,"19":1,"20":0,"21":0,"22":0,"23":0,"24":0,"25":0,"26":0,"27":0},"f":{"0":2,"1":2,"2":2,"3":0,"4":0,"5":0},"b":{"0":[0,0,0,0,0,0,0,0,0,0,0,0,0],"1":[0,0]},"_coverageSchema":"1a1c01bbd47fc00a2c39e90264f33305004495a9","hash":"340356a3155c8791ae155a2f5db212e6af786a1f"}
}
