TN:
SF:.jest/mocks/fakeApi.js
FNF:0
FNH:0
DA:2,3
DA:29,3
LF:2
LH:2
BRF:0
BRH:0
end_of_record
TN:
SF:.jest/mocks/fileMock.js
FNF:0
FNH:0
DA:1,2
LF:1
LH:1
BRF:0
BRH:0
end_of_record
TN:
SF:src/components/index.js
FNF:0
FNH:0
LF:0
LH:0
BRF:0
BRH:0
end_of_record
TN:
SF:src/components/atoms/Button/Button.jsx
FN:3,Button
FNF:1
FNH:1
FNDA:84,Button
DA:8,84
LF:1
LH:1
BRF:0
BRH:0
end_of_record
TN:
SF:src/components/atoms/Input/Input.jsx
FN:3,Input
FNF:1
FNH:1
FNDA:60,Input
DA:4,60
LF:1
LH:1
BRDA:6,0,0,60
BRDA:6,0,1,0
BRDA:7,1,0,0
BRDA:7,1,1,60
BRF:4
BRH:2
end_of_record
TN:
SF:src/components/molecules/Card/Card.jsx
FN:3,Card
FNF:1
FNH:0
FNDA:0,Card
DA:5,0
LF:1
LH:0
BRDA:6,0,0,0
BRDA:6,0,1,0
BRDA:8,1,0,0
BRDA:8,1,1,0
BRF:4
BRH:0
end_of_record
TN:
SF:src/components/molecules/Navbar/Navbar.jsx
FN:9,Navbar
FN:13,(anonymous_1)
FN:17,(anonymous_2)
FN:23,(anonymous_3)
FN:25,(anonymous_4)
FN:31,(anonymous_5)
FN:38,(anonymous_6)
FNF:7
FNH:0
FNDA:0,Navbar
FNDA:0,(anonymous_1)
FNDA:0,(anonymous_2)
FNDA:0,(anonymous_3)
FNDA:0,(anonymous_4)
FNDA:0,(anonymous_5)
FNDA:0,(anonymous_6)
DA:10,0
DA:11,0
DA:13,0
DA:14,0
DA:17,0
DA:18,0
DA:21,0
DA:23,0
DA:25,0
DA:31,0
DA:38,0
LF:11
LH:0
BRDA:14,0,0,0
BRDA:14,0,1,0
BRF:2
BRH:0
end_of_record
TN:
SF:src/components/organisms/Cards/Cards.jsx
FN:6,Cards
FN:10,(anonymous_1)
FN:16,(anonymous_2)
FN:20,(anonymous_3)
FN:52,(anonymous_4)
FN:55,(anonymous_5)
FNF:6
FNH:0
FNDA:0,Cards
FNDA:0,(anonymous_1)
FNDA:0,(anonymous_2)
FNDA:0,(anonymous_3)
FNDA:0,(anonymous_4)
FNDA:0,(anonymous_5)
DA:7,0
DA:8,0
DA:10,0
DA:11,0
DA:12,0
DA:15,0
DA:16,0
DA:17,0
DA:20,0
DA:22,0
DA:50,0
DA:53,0
DA:56,0
DA:57,0
LF:14
LH:0
BRDA:56,0,0,0
BRDA:56,0,1,0
BRF:2
BRH:0
end_of_record
TN:
SF:src/components/organisms/Chart/Chart.jsx
FN:15,Chart
FN:19,(anonymous_1)
FN:24,(anonymous_2)
FN:25,(anonymous_3)
FNF:4
FNH:0
FNDA:0,Chart
FNDA:0,(anonymous_1)
FNDA:0,(anonymous_2)
FNDA:0,(anonymous_3)
DA:11,2
DA:16,0
DA:17,0
DA:19,0
DA:20,0
DA:21,0
DA:24,0
DA:25,0
DA:26,0
DA:27,0
DA:28,0
DA:31,0
DA:33,0
DA:47,0
LF:14
LH:1
BRDA:26,0,0,0
BRDA:26,0,1,0
BRDA:27,1,0,0
BRDA:27,1,1,0
BRDA:28,2,0,0
BRDA:28,2,1,0
BRDA:50,3,0,0
BRDA:50,3,1,0
BRF:8
BRH:0
end_of_record
TN:
SF:src/components/organisms/UnitList/UnitList.jsx
FN:7,UnitList
FN:10,(anonymous_1)
FN:14,(anonymous_2)
FN:21,(anonymous_3)
FN:45,(anonymous_4)
FN:53,(anonymous_5)
FN:59,(anonymous_6)
FN:75,(anonymous_7)
FNF:8
FNH:8
FNDA:18,UnitList
FNDA:9,(anonymous_1)
FNDA:1,(anonymous_2)
FNDA:2,(anonymous_3)
FNDA:27,(anonymous_4)
FNDA:2,(anonymous_5)
FNDA:1,(anonymous_6)
FNDA:1,(anonymous_7)
DA:8,18
DA:10,18
DA:11,9
DA:14,18
DA:15,1
DA:18,1
DA:21,18
DA:22,2
DA:23,2
DA:26,18
DA:46,27
DA:53,2
DA:59,1
DA:75,1
LF:14
LH:14
BRF:0
BRH:0
end_of_record
TN:
SF:src/components/organisms/UnitRegister/UnitRegister.jsx
FN:5,UnitRegister
FN:20,(anonymous_1)
FN:30,(anonymous_2)
FN:40,(anonymous_3)
FN:52,(anonymous_4)
FN:64,(anonymous_5)
FN:80,(anonymous_6)
FNF:7
FNH:6
FNDA:12,UnitRegister
FNDA:3,(anonymous_1)
FNDA:1,(anonymous_2)
FNDA:4,(anonymous_3)
FNDA:48,(anonymous_4)
FNDA:0,(anonymous_5)
FNDA:2,(anonymous_6)
DA:10,12
DA:18,12
DA:20,12
DA:21,3
DA:30,12
DA:31,1
DA:40,12
DA:41,4
DA:43,4
DA:44,4
DA:45,4
DA:48,12
DA:53,48
DA:65,0
DA:81,2
LF:15
LH:14
BRDA:18,0,0,12
BRDA:18,0,1,10
BRDA:43,1,0,1
BRDA:43,1,1,3
BRF:4
BRH:4
end_of_record
TN:
SF:src/components/templates/Container/Container.jsx
FN:4,Container
FNF:1
FNH:0
FNDA:0,Container
DA:5,0
LF:1
LH:0
BRF:0
BRH:0
end_of_record
TN:
SF:src/utils/index.js
FN:1,(anonymous_0)
FN:3,(anonymous_1)
FN:4,(anonymous_2)
FN:7,(anonymous_3)
FN:38,(anonymous_4)
FN:40,(anonymous_5)
FNF:6
FNH:3
FNDA:10,(anonymous_0)
FNDA:10,(anonymous_1)
FNDA:10,(anonymous_2)
FNDA:0,(anonymous_3)
FNDA:0,(anonymous_4)
FNDA:0,(anonymous_5)
DA:1,2
DA:2,10
DA:3,10
DA:4,10
DA:7,2
DA:8,0
DA:10,0
DA:12,0
DA:14,0
DA:16,0
DA:18,0
DA:20,0
DA:22,0
DA:24,0
DA:26,0
DA:28,0
DA:30,0
DA:32,0
DA:34,0
DA:38,2
DA:39,0
DA:40,0
DA:41,0
DA:42,0
DA:43,0
DA:44,0
DA:46,0
DA:48,0
LF:28
LH:6
BRDA:8,0,0,0
BRDA:8,0,1,0
BRDA:8,0,2,0
BRDA:8,0,3,0
BRDA:8,0,4,0
BRDA:8,0,5,0
BRDA:8,0,6,0
BRDA:8,0,7,0
BRDA:8,0,8,0
BRDA:8,0,9,0
BRDA:8,0,10,0
BRDA:8,0,11,0
BRDA:8,0,12,0
BRDA:43,1,0,0
BRDA:43,1,1,0
BRF:15
BRH:0
end_of_record
